#At time x process y state arr w total z remain y wait k
At time 2 process 1 started arr 1 total 4 remain 4 wait 0
At time 3 process 1 stopped arr 1 total 4 remain 3 wait 1
At time 3 process 2 started arr 1 total 2 remain 2 wait 2
At time 4 process 2 stopped arr 1 total 2 remain 1 wait 2
At time 4 process 3 started arr 2 total 1 remain 1 wait 2
At time 5 process 3 finished arr 2 total 1 remain 0 wait 2 TA 3 WTA 3.00
At time 5 process 1 resumed arr 1 total 4 remain 3 wait 3
At time 6 process 1 stopped arr 1 total 4 remain 2 wait 3
At time 6 process 2 resumed arr 1 total 2 remain 1 wait 4
At time 7 process 2 finished arr 1 total 2 remain 0 wait 4 TA 6 WTA 3.00
At time 7 process 4 started arr 4 total 5 remain 5 wait 3
At time 8 process 4 stopped arr 4 total 5 remain 4 wait 3
At time 8 process 1 resumed arr 1 total 4 remain 2 wait 5
At time 9 process 1 stopped arr 1 total 4 remain 1 wait 5
At time 9 process 4 resumed arr 4 total 5 remain 4 wait 4
At time 10 process 4 stopped arr 4 total 5 remain 3 wait 4
At time 10 process 1 resumed arr 1 total 4 remain 1 wait 6
At time 11 process 1 finished arr 1 total 4 remain 0 wait 6 TA 10 WTA 2.50
At time 11 process 4 resumed arr 4 total 5 remain 3 wait 5
At time 14 process 4 finished arr 4 total 5 remain 0 wait 5 TA 10 WTA 2.00
